<?xml version="1.0" encoding="UTF-8"?>
<!-- Generated by org.testng.reporters.JUnitReportReporter -->
<testsuite hostname="DESKTOP-32SHS3O" name="com.Hrms.tests.TestPIMPage" tests="7" failures="0" timestamp="13 Oct 2024 14:06:22 GMT" time="13.039" errors="0">
  <testcase name="editEmploymentStatus" time="0.003" classname="com.Hrms.tests.TestPIMPage"/>
  <testcase name="viewEmployeeList" time="0.003" classname="com.Hrms.tests.TestPIMPage"/>
  <testcase name="viewEmployeeDetails" time="0.002" classname="com.Hrms.tests.TestPIMPage"/>
  <testcase name="filterEmployeeList" time="0.002" classname="com.Hrms.tests.TestPIMPage"/>
  <testcase name="addEmployeePhotos" time="0.002" classname="com.Hrms.tests.TestPIMPage"/>
  <testcase name="deleteEmployee" time="0.003" classname="com.Hrms.tests.TestPIMPage"/>
  <testcase name="editEmployeeDetails" time="13.024" classname="com.Hrms.tests.TestPIMPage"/>
</testsuite> <!-- com.Hrms.tests.TestPIMPage -->
