<?xml version="1.0" encoding="UTF-8"?>
<!-- Generated by org.testng.reporters.JUnitReportReporter -->
<testsuite hostname="DESKTOP-32SHS3O" name="com.Hrms.tests.TestPIMPage" tests="6" failures="0" timestamp="14 Oct 2024 09:28:30 GMT" time="11.204" errors="0">
  <testcase name="editEmployeeDetails" time="0.002" classname="com.Hrms.tests.TestPIMPage"/>
  <testcase name="filterEmployeeList" time="0.003" classname="com.Hrms.tests.TestPIMPage"/>
  <testcase name="addEmployeePhotos" time="11.176" classname="com.Hrms.tests.TestPIMPage"/>
  <testcase name="searchEmployee" time="0.015" classname="com.Hrms.tests.TestPIMPage"/>
  <testcase name="viewEmployeeDetails" time="0.005" classname="com.Hrms.tests.TestPIMPage"/>
  <testcase name="editEmploymentStatus" time="0.003" classname="com.Hrms.tests.TestPIMPage"/>
</testsuite> <!-- com.Hrms.tests.TestPIMPage -->
